2026296 execve("./mysh", ["./mysh"], 0x7ffe5535d1b8 /* 53 vars */) = 0
2026296 brk(NULL)                       = 0x62b9000
2026296 mmap(NULL, 8192, PROT_READ|PROT_WRITE, MAP_PRIVATE|MAP_ANONYMOUS, -1, 0) = 0x7f43a1319000
2026296 access("/etc/ld.so.preload", R_OK) = -1 ENOENT (No such file or directory)
2026296 openat(AT_FDCWD, "/etc/ld.so.cache", O_RDONLY|O_CLOEXEC) = 3
2026296 fstat(3, {st_mode=S_IFREG|0644, st_size=28719, ...}) = 0
2026296 mmap(NULL, 28719, PROT_READ, MAP_PRIVATE, 3, 0) = 0x7f43a1311000
2026296 close(3)                        = 0
2026296 openat(AT_FDCWD, "/lib64/libc.so.6", O_RDONLY|O_CLOEXEC) = 3
2026296 read(3, "\177ELF\2\1\1\3\0\0\0\0\0\0\0\0\3\0>\0\1\0\0\0`\242\2\0\0\0\0\0"..., 832) = 832
2026296 pread64(3, "\6\0\0\0\4\0\0\0@\0\0\0\0\0\0\0@\0\0\0\0\0\0\0@\0\0\0\0\0\0\0"..., 784, 64) = 784
2026296 fstat(3, {st_mode=S_IFREG|0755, st_size=2440376, ...}) = 0
2026296 pread64(3, "\6\0\0\0\4\0\0\0@\0\0\0\0\0\0\0@\0\0\0\0\0\0\0@\0\0\0\0\0\0\0"..., 784, 64) = 784
2026296 mmap(NULL, 2034544, PROT_READ, MAP_PRIVATE|MAP_DENYWRITE, 3, 0) = 0x7f43a1120000
2026296 mmap(0x7f43a1148000, 1495040, PROT_READ|PROT_EXEC, MAP_PRIVATE|MAP_FIXED|MAP_DENYWRITE, 3, 0x28000) = 0x7f43a1148000
2026296 mmap(0x7f43a12b5000, 319488, PROT_READ, MAP_PRIVATE|MAP_FIXED|MAP_DENYWRITE, 3, 0x195000) = 0x7f43a12b5000
2026296 mmap(0x7f43a1303000, 24576, PROT_READ|PROT_WRITE, MAP_PRIVATE|MAP_FIXED|MAP_DENYWRITE, 3, 0x1e2000) = 0x7f43a1303000
2026296 mmap(0x7f43a1309000, 31600, PROT_READ|PROT_WRITE, MAP_PRIVATE|MAP_FIXED|MAP_ANONYMOUS, -1, 0) = 0x7f43a1309000
2026296 close(3)                        = 0
2026296 mmap(NULL, 12288, PROT_READ|PROT_WRITE, MAP_PRIVATE|MAP_ANONYMOUS, -1, 0) = 0x7f43a111d000
2026296 arch_prctl(ARCH_SET_FS, 0x7f43a111d740) = 0
2026296 set_tid_address(0x7f43a111da10) = 2026296
2026296 set_robust_list(0x7f43a111da20, 24) = 0
2026296 rseq(0x7f43a111e060, 0x20, 0, 0x53053053) = 0
2026296 mprotect(0x7f43a1303000, 16384, PROT_READ) = 0
2026296 mprotect(0x403000, 4096, PROT_READ) = 0
2026296 mprotect(0x7f43a1354000, 8192, PROT_READ) = 0
2026296 prlimit64(0, RLIMIT_STACK, NULL, {rlim_cur=8192*1024, rlim_max=RLIM64_INFINITY}) = 0
2026296 munmap(0x7f43a1311000, 28719)   = 0
2026296 fstat(1, {st_mode=S_IFCHR|0620, st_rdev=makedev(0x88, 0xf), ...}) = 0
2026296 getrandom("\x27\x99\xf2\xd3\x09\xd5\xc2\xce", 8, GRND_NONBLOCK) = 8
2026296 brk(NULL)                       = 0x62b9000
2026296 brk(0x62da000)                  = 0x62da000
2026296 fstat(0, {st_mode=S_IFCHR|0620, st_rdev=makedev(0x88, 0xf), ...}) = 0
2026296 write(1, "Mysh: ", 6)           = 6
2026296 read(0, "ls | wc\n", 1024)      = 8
2026296 pipe2([3, 4], 0)                = 0
2026296 clone(child_stack=NULL, flags=CLONE_CHILD_CLEARTID|CLONE_CHILD_SETTID|SIGCHLD, child_tidptr=0x7f43a111da10) = 2026321
2026321 set_robust_list(0x7f43a111da20, 24 <unfinished ...>
2026296 clone(child_stack=NULL, flags=CLONE_CHILD_CLEARTID|CLONE_CHILD_SETTID|SIGCHLD <unfinished ...>
2026321 <... set_robust_list resumed>)  = 0
2026321 dup2(4, 1 <unfinished ...>
2026296 <... clone resumed>, child_tidptr=0x7f43a111da10) = 2026322
2026321 <... dup2 resumed>)             = 1
2026322 set_robust_list(0x7f43a111da20, 24) = 0
2026296 wait4(-1,  <unfinished ...>
2026321 execve("/home/gdwade/.vscode-server/cli/servers/Stable-f1a4fb101478ce6ec82fe9627c43efbf9e98c813/server/bin/remote-cli/ls", ["ls"], 0x7ffd59910448 /* 53 vars */ <unfinished ...>
2026322 dup2(3, 0)                      = 0
2026321 <... execve resumed>)           = -1 ENOENT (No such file or directory)
2026321 execve("/home/gdwade/.local/bin/ls", ["ls"], 0x7ffd59910448 /* 53 vars */ <unfinished ...>
2026322 execve("/home/gdwade/.vscode-server/cli/servers/Stable-f1a4fb101478ce6ec82fe9627c43efbf9e98c813/server/bin/remote-cli/wc", ["wc"], 0x7ffd59910448 /* 53 vars */ <unfinished ...>
2026321 <... execve resumed>)           = -1 ENOENT (No such file or directory)
2026322 <... execve resumed>)           = -1 ENOENT (No such file or directory)
2026321 execve("/home/gdwade/bin/ls", ["ls"], 0x7ffd59910448 /* 53 vars */ <unfinished ...>
2026322 execve("/home/gdwade/.local/bin/wc", ["wc"], 0x7ffd59910448 /* 53 vars */ <unfinished ...>
2026321 <... execve resumed>)           = -1 ENOENT (No such file or directory)
2026322 <... execve resumed>)           = -1 ENOENT (No such file or directory)
2026321 execve("/usr/share/centrifydc/bin/ls", ["ls"], 0x7ffd59910448 /* 53 vars */ <unfinished ...>
2026322 execve("/home/gdwade/bin/wc", ["wc"], 0x7ffd59910448 /* 53 vars */ <unfinished ...>
2026321 <... execve resumed>)           = -1 ENOENT (No such file or directory)
2026322 <... execve resumed>)           = -1 ENOENT (No such file or directory)
2026321 execve("/usr/local/bin/ls", ["ls"], 0x7ffd59910448 /* 53 vars */ <unfinished ...>
2026322 execve("/usr/share/centrifydc/bin/wc", ["wc"], 0x7ffd59910448 /* 53 vars */ <unfinished ...>
2026321 <... execve resumed>)           = -1 ENOENT (No such file or directory)
2026322 <... execve resumed>)           = -1 ENOENT (No such file or directory)
2026321 execve("/bin/ls", ["ls"], 0x7ffd59910448 /* 53 vars */ <unfinished ...>
2026322 execve("/usr/local/bin/wc", ["wc"], 0x7ffd59910448 /* 53 vars */) = -1 ENOENT (No such file or directory)
2026322 execve("/bin/wc", ["wc"], 0x7ffd59910448 /* 53 vars */ <unfinished ...>
2026321 <... execve resumed>)           = 0
2026321 brk(NULL)                       = 0x5574b719f000
2026322 <... execve resumed>)           = 0
2026322 brk(NULL <unfinished ...>
2026321 mmap(NULL, 8192, PROT_READ|PROT_WRITE, MAP_PRIVATE|MAP_ANONYMOUS, -1, 0 <unfinished ...>
2026322 <... brk resumed>)              = 0x556a476a0000
2026322 mmap(NULL, 8192, PROT_READ|PROT_WRITE, MAP_PRIVATE|MAP_ANONYMOUS, -1, 0 <unfinished ...>
2026321 <... mmap resumed>)             = 0x7fa8540b8000
2026322 <... mmap resumed>)             = 0x7fcf396d3000
2026321 access("/etc/ld.so.preload", R_OK <unfinished ...>
2026322 access("/etc/ld.so.preload", R_OK <unfinished ...>
2026321 <... access resumed>)           = -1 ENOENT (No such file or directory)
2026322 <... access resumed>)           = -1 ENOENT (No such file or directory)
2026321 openat(AT_FDCWD, "/etc/ld.so.cache", O_RDONLY|O_CLOEXEC <unfinished ...>
2026322 openat(AT_FDCWD, "/etc/ld.so.cache", O_RDONLY|O_CLOEXEC <unfinished ...>
2026321 <... openat resumed>)           = 5
2026322 <... openat resumed>)           = 5
2026322 fstat(5,  <unfinished ...>
2026321 fstat(5,  <unfinished ...>
2026322 <... fstat resumed>{st_mode=S_IFREG|0644, st_size=28719, ...}) = 0
2026321 <... fstat resumed>{st_mode=S_IFREG|0644, st_size=28719, ...}) = 0
2026322 mmap(NULL, 28719, PROT_READ, MAP_PRIVATE, 5, 0 <unfinished ...>
2026321 mmap(NULL, 28719, PROT_READ, MAP_PRIVATE, 5, 0 <unfinished ...>
2026322 <... mmap resumed>)             = 0x7fcf396cb000
2026321 <... mmap resumed>)             = 0x7fa8540b0000
2026322 close(5 <unfinished ...>
2026321 close(5 <unfinished ...>
2026322 <... close resumed>)            = 0
2026321 <... close resumed>)            = 0
2026322 openat(AT_FDCWD, "/lib64/libc.so.6", O_RDONLY|O_CLOEXEC <unfinished ...>
2026321 openat(AT_FDCWD, "/lib64/libselinux.so.1", O_RDONLY|O_CLOEXEC <unfinished ...>
2026322 <... openat resumed>)           = 5
2026321 <... openat resumed>)           = 5
2026322 read(5,  <unfinished ...>
2026321 read(5,  <unfinished ...>
2026322 <... read resumed>"\177ELF\2\1\1\3\0\0\0\0\0\0\0\0\3\0>\0\1\0\0\0`\242\2\0\0\0\0\0"..., 832) = 832
2026321 <... read resumed>"\177ELF\2\1\1\0\0\0\0\0\0\0\0\0\3\0>\0\1\0\0\0\0\0\0\0\0\0\0\0"..., 832) = 832
2026322 pread64(5,  <unfinished ...>
2026321 fstat(5,  <unfinished ...>
2026322 <... pread64 resumed>"\6\0\0\0\4\0\0\0@\0\0\0\0\0\0\0@\0\0\0\0\0\0\0@\0\0\0\0\0\0\0"..., 784, 64) = 784
2026321 <... fstat resumed>{st_mode=S_IFREG|0755, st_size=180176, ...}) = 0
2026322 fstat(5, {st_mode=S_IFREG|0755, st_size=2440376, ...}) = 0
2026321 mmap(NULL, 185976, PROT_READ, MAP_PRIVATE|MAP_DENYWRITE, 5, 0 <unfinished ...>
2026322 pread64(5,  <unfinished ...>
2026321 <... mmap resumed>)             = 0x7fa854082000
2026322 <... pread64 resumed>"\6\0\0\0\4\0\0\0@\0\0\0\0\0\0\0@\0\0\0\0\0\0\0@\0\0\0\0\0\0\0"..., 784, 64) = 784
2026321 mmap(0x7fa854088000, 118784, PROT_READ|PROT_EXEC, MAP_PRIVATE|MAP_FIXED|MAP_DENYWRITE, 5, 0x6000 <unfinished ...>
2026322 mmap(NULL, 2034544, PROT_READ, MAP_PRIVATE|MAP_DENYWRITE, 5, 0) = 0x7fcf394da000
2026321 <... mmap resumed>)             = 0x7fa854088000
2026322 mmap(0x7fcf39502000, 1495040, PROT_READ|PROT_EXEC, MAP_PRIVATE|MAP_FIXED|MAP_DENYWRITE, 5, 0x28000 <unfinished ...>
2026321 mmap(0x7fa8540a5000, 28672, PROT_READ, MAP_PRIVATE|MAP_FIXED|MAP_DENYWRITE, 5, 0x23000 <unfinished ...>
2026322 <... mmap resumed>)             = 0x7fcf39502000
2026322 mmap(0x7fcf3966f000, 319488, PROT_READ, MAP_PRIVATE|MAP_FIXED|MAP_DENYWRITE, 5, 0x195000 <unfinished ...>
2026321 <... mmap resumed>)             = 0x7fa8540a5000
2026322 <... mmap resumed>)             = 0x7fcf3966f000
2026321 mmap(0x7fa8540ac000, 8192, PROT_READ|PROT_WRITE, MAP_PRIVATE|MAP_FIXED|MAP_DENYWRITE, 5, 0x29000 <unfinished ...>
2026322 mmap(0x7fcf396bd000, 24576, PROT_READ|PROT_WRITE, MAP_PRIVATE|MAP_FIXED|MAP_DENYWRITE, 5, 0x1e2000) = 0x7fcf396bd000
2026321 <... mmap resumed>)             = 0x7fa8540ac000
2026322 mmap(0x7fcf396c3000, 31600, PROT_READ|PROT_WRITE, MAP_PRIVATE|MAP_FIXED|MAP_ANONYMOUS, -1, 0 <unfinished ...>
2026321 mmap(0x7fa8540ae000, 5752, PROT_READ|PROT_WRITE, MAP_PRIVATE|MAP_FIXED|MAP_ANONYMOUS, -1, 0 <unfinished ...>
2026322 <... mmap resumed>)             = 0x7fcf396c3000
2026321 <... mmap resumed>)             = 0x7fa8540ae000
2026322 close(5 <unfinished ...>
2026321 close(5 <unfinished ...>
2026322 <... close resumed>)            = 0
2026321 <... close resumed>)            = 0
2026322 mmap(NULL, 12288, PROT_READ|PROT_WRITE, MAP_PRIVATE|MAP_ANONYMOUS, -1, 0 <unfinished ...>
2026321 openat(AT_FDCWD, "/lib64/libcap.so.2", O_RDONLY|O_CLOEXEC <unfinished ...>
2026322 <... mmap resumed>)             = 0x7fcf394d7000
2026321 <... openat resumed>)           = 5
2026322 arch_prctl(ARCH_SET_FS, 0x7fcf394d7740 <unfinished ...>
2026321 read(5,  <unfinished ...>
2026322 <... arch_prctl resumed>)       = 0
2026321 <... read resumed>"\177ELF\2\1\1\0\0\0\0\0\0\0\0\0\3\0>\0\1\0\0\0P\202\0\0\0\0\0\0"..., 832) = 832
2026322 set_tid_address(0x7fcf394d7a10) = 2026322
2026321 fstat(5,  <unfinished ...>
2026322 set_robust_list(0x7fcf394d7a20, 24 <unfinished ...>
2026321 <... fstat resumed>{st_mode=S_IFREG|0755, st_size=49184, ...}) = 0
2026322 <... set_robust_list resumed>)  = 0
2026322 rseq(0x7fcf394d8060, 0x20, 0, 0x53053053 <unfinished ...>
2026321 mmap(NULL, 49224, PROT_READ, MAP_PRIVATE|MAP_DENYWRITE, 5, 0 <unfinished ...>
2026322 <... rseq resumed>)             = 0
2026321 <... mmap resumed>)             = 0x7fa854075000
2026322 mprotect(0x7fcf396bd000, 16384, PROT_READ <unfinished ...>
2026321 mmap(0x7fa854078000, 24576, PROT_READ|PROT_EXEC, MAP_PRIVATE|MAP_FIXED|MAP_DENYWRITE, 5, 0x3000 <unfinished ...>
2026322 <... mprotect resumed>)         = 0
2026321 <... mmap resumed>)             = 0x7fa854078000
2026322 mprotect(0x556a19ab0000, 4096, PROT_READ <unfinished ...>
2026321 mmap(0x7fa85407e000, 8192, PROT_READ, MAP_PRIVATE|MAP_FIXED|MAP_DENYWRITE, 5, 0x9000 <unfinished ...>
2026322 <... mprotect resumed>)         = 0
2026322 mprotect(0x7fcf3970e000, 8192, PROT_READ <unfinished ...>
2026321 <... mmap resumed>)             = 0x7fa85407e000
2026322 <... mprotect resumed>)         = 0
2026321 mmap(0x7fa854080000, 8192, PROT_READ|PROT_WRITE, MAP_PRIVATE|MAP_FIXED|MAP_DENYWRITE, 5, 0xa000 <unfinished ...>
2026322 prlimit64(0, RLIMIT_STACK, NULL,  <unfinished ...>
2026321 <... mmap resumed>)             = 0x7fa854080000
2026322 <... prlimit64 resumed>{rlim_cur=8192*1024, rlim_max=RLIM64_INFINITY}) = 0
2026321 close(5)                        = 0
2026322 munmap(0x7fcf396cb000, 28719 <unfinished ...>
2026321 openat(AT_FDCWD, "/lib64/libc.so.6", O_RDONLY|O_CLOEXEC <unfinished ...>
2026322 <... munmap resumed>)           = 0
2026321 <... openat resumed>)           = 5
2026322 getrandom( <unfinished ...>
2026321 read(5,  <unfinished ...>
2026322 <... getrandom resumed>"\xa0\x18\xc9\x87\xbb\x7b\x5d\x18", 8, GRND_NONBLOCK) = 8
2026321 <... read resumed>"\177ELF\2\1\1\3\0\0\0\0\0\0\0\0\3\0>\0\1\0\0\0`\242\2\0\0\0\0\0"..., 832) = 832
2026322 brk(NULL)                       = 0x556a476a0000
2026321 pread64(5,  <unfinished ...>
2026322 brk(0x556a476c1000 <unfinished ...>
2026321 <... pread64 resumed>"\6\0\0\0\4\0\0\0@\0\0\0\0\0\0\0@\0\0\0\0\0\0\0@\0\0\0\0\0\0\0"..., 784, 64) = 784
2026322 <... brk resumed>)              = 0x556a476c1000
2026321 fstat(5,  <unfinished ...>
2026322 openat(AT_FDCWD, "/usr/lib/locale/locale-archive", O_RDONLY|O_CLOEXEC <unfinished ...>
2026321 <... fstat resumed>{st_mode=S_IFREG|0755, st_size=2440376, ...}) = 0
2026322 <... openat resumed>)           = -1 ENOENT (No such file or directory)
2026322 openat(AT_FDCWD, "/usr/share/locale/locale.alias", O_RDONLY|O_CLOEXEC <unfinished ...>
2026321 pread64(5,  <unfinished ...>
2026322 <... openat resumed>)           = 5
2026321 <... pread64 resumed>"\6\0\0\0\4\0\0\0@\0\0\0\0\0\0\0@\0\0\0\0\0\0\0@\0\0\0\0\0\0\0"..., 784, 64) = 784
2026322 fstat(5, {st_mode=S_IFREG|0644, st_size=2998, ...}) = 0
2026321 mmap(NULL, 2034544, PROT_READ, MAP_PRIVATE|MAP_DENYWRITE, 5, 0 <unfinished ...>
2026322 read(5, "# Locale name alias data base.\n#"..., 4096) = 2998
2026321 <... mmap resumed>)             = 0x7fa853e84000
2026322 read(5,  <unfinished ...>
2026321 mmap(0x7fa853eac000, 1495040, PROT_READ|PROT_EXEC, MAP_PRIVATE|MAP_FIXED|MAP_DENYWRITE, 5, 0x28000 <unfinished ...>
2026322 <... read resumed>"", 4096)     = 0
2026321 <... mmap resumed>)             = 0x7fa853eac000
2026322 close(5 <unfinished ...>
2026321 mmap(0x7fa854019000, 319488, PROT_READ, MAP_PRIVATE|MAP_FIXED|MAP_DENYWRITE, 5, 0x195000 <unfinished ...>
2026322 <... close resumed>)            = 0
2026321 <... mmap resumed>)             = 0x7fa854019000
2026322 openat(AT_FDCWD, "/usr/lib/locale/en_US.UTF-8/LC_IDENTIFICATION", O_RDONLY|O_CLOEXEC <unfinished ...>
2026321 mmap(0x7fa854067000, 24576, PROT_READ|PROT_WRITE, MAP_PRIVATE|MAP_FIXED|MAP_DENYWRITE, 5, 0x1e2000 <unfinished ...>
2026322 <... openat resumed>)           = -1 ENOENT (No such file or directory)
2026321 <... mmap resumed>)             = 0x7fa854067000
2026322 openat(AT_FDCWD, "/usr/lib/locale/en_US.utf8/LC_IDENTIFICATION", O_RDONLY|O_CLOEXEC <unfinished ...>
2026321 mmap(0x7fa85406d000, 31600, PROT_READ|PROT_WRITE, MAP_PRIVATE|MAP_FIXED|MAP_ANONYMOUS, -1, 0 <unfinished ...>
2026322 <... openat resumed>)           = 5
2026321 <... mmap resumed>)             = 0x7fa85406d000
2026322 fstat(5, {st_mode=S_IFREG|0644, st_size=369, ...}) = 0
2026321 close(5 <unfinished ...>
2026322 mmap(NULL, 369, PROT_READ, MAP_PRIVATE, 5, 0 <unfinished ...>
2026321 <... close resumed>)            = 0
2026322 <... mmap resumed>)             = 0x7fcf396d2000
2026321 openat(AT_FDCWD, "/lib64/libpcre2-8.so.0", O_RDONLY|O_CLOEXEC <unfinished ...>
2026322 close(5)                        = 0
2026321 <... openat resumed>)           = 5
2026322 openat(AT_FDCWD, "/usr/lib64/gconv/gconv-modules.cache", O_RDONLY|O_CLOEXEC <unfinished ...>
2026321 read(5,  <unfinished ...>
2026322 <... openat resumed>)           = 5
2026321 <... read resumed>"\177ELF\2\1\1\0\0\0\0\0\0\0\0\0\3\0>\0\1\0\0\0\0\0\0\0\0\0\0\0"..., 832) = 832
2026322 fstat(5,  <unfinished ...>
2026321 fstat(5,  <unfinished ...>
2026322 <... fstat resumed>{st_mode=S_IFREG|0644, st_size=27012, ...}) = 0
2026321 <... fstat resumed>{st_mode=S_IFREG|0755, st_size=653408, ...}) = 0
2026322 mmap(NULL, 27012, PROT_READ, MAP_SHARED, 5, 0 <unfinished ...>
2026321 mmap(NULL, 651512, PROT_READ, MAP_PRIVATE|MAP_DENYWRITE, 5, 0 <unfinished ...>
2026322 <... mmap resumed>)             = 0x7fcf396cb000
2026321 <... mmap resumed>)             = 0x7fa853de4000
2026322 close(5)                        = 0
2026321 mmap(0x7fa853de6000, 471040, PROT_READ|PROT_EXEC, MAP_PRIVATE|MAP_FIXED|MAP_DENYWRITE, 5, 0x2000 <unfinished ...>
2026322 futex(0x7fcf396c272c, FUTEX_WAKE_PRIVATE, 2147483647 <unfinished ...>
2026321 <... mmap resumed>)             = 0x7fa853de6000
2026322 <... futex resumed>)            = 0
2026321 mmap(0x7fa853e59000, 167936, PROT_READ, MAP_PRIVATE|MAP_FIXED|MAP_DENYWRITE, 5, 0x75000 <unfinished ...>
2026322 openat(AT_FDCWD, "/usr/lib/locale/en_US.UTF-8/LC_MEASUREMENT", O_RDONLY|O_CLOEXEC <unfinished ...>
2026321 <... mmap resumed>)             = 0x7fa853e59000
2026322 <... openat resumed>)           = -1 ENOENT (No such file or directory)
2026321 mmap(0x7fa853e82000, 8192, PROT_READ|PROT_WRITE, MAP_PRIVATE|MAP_FIXED|MAP_DENYWRITE, 5, 0x9d000 <unfinished ...>
2026322 openat(AT_FDCWD, "/usr/lib/locale/en_US.utf8/LC_MEASUREMENT", O_RDONLY|O_CLOEXEC <unfinished ...>
2026321 <... mmap resumed>)             = 0x7fa853e82000
2026322 <... openat resumed>)           = 5
2026322 fstat(5,  <unfinished ...>
2026321 close(5 <unfinished ...>
2026322 <... fstat resumed>{st_mode=S_IFREG|0644, st_size=23, ...}) = 0
2026321 <... close resumed>)            = 0
2026322 mmap(NULL, 23, PROT_READ, MAP_PRIVATE, 5, 0 <unfinished ...>
2026321 mmap(NULL, 8192, PROT_READ|PROT_WRITE, MAP_PRIVATE|MAP_ANONYMOUS, -1, 0 <unfinished ...>
2026322 <... mmap resumed>)             = 0x7fcf394d6000
2026321 <... mmap resumed>)             = 0x7fa853de2000
2026322 close(5)                        = 0
2026321 arch_prctl(ARCH_SET_FS, 0x7fa853de2dc0 <unfinished ...>
2026322 openat(AT_FDCWD, "/usr/lib/locale/en_US.UTF-8/LC_TELEPHONE", O_RDONLY|O_CLOEXEC <unfinished ...>
2026321 <... arch_prctl resumed>)       = 0
2026322 <... openat resumed>)           = -1 ENOENT (No such file or directory)
2026321 set_tid_address(0x7fa853de3090 <unfinished ...>
2026322 openat(AT_FDCWD, "/usr/lib/locale/en_US.utf8/LC_TELEPHONE", O_RDONLY|O_CLOEXEC <unfinished ...>
2026321 <... set_tid_address resumed>)  = 2026321
2026322 <... openat resumed>)           = 5
2026321 set_robust_list(0x7fa853de30a0, 24 <unfinished ...>
2026322 fstat(5,  <unfinished ...>
2026321 <... set_robust_list resumed>)  = 0
2026322 <... fstat resumed>{st_mode=S_IFREG|0644, st_size=59, ...}) = 0
2026321 rseq(0x7fa853de36e0, 0x20, 0, 0x53053053 <unfinished ...>
2026322 mmap(NULL, 59, PROT_READ, MAP_PRIVATE, 5, 0 <unfinished ...>
2026321 <... rseq resumed>)             = 0
2026322 <... mmap resumed>)             = 0x7fcf394d5000
2026321 mprotect(0x7fa854067000, 16384, PROT_READ <unfinished ...>
2026322 close(5 <unfinished ...>
2026321 <... mprotect resumed>)         = 0
2026322 <... close resumed>)            = 0
2026322 openat(AT_FDCWD, "/usr/lib/locale/en_US.UTF-8/LC_ADDRESS", O_RDONLY|O_CLOEXEC <unfinished ...>
2026321 mprotect(0x7fa853e82000, 4096, PROT_READ <unfinished ...>
2026322 <... openat resumed>)           = -1 ENOENT (No such file or directory)
2026321 <... mprotect resumed>)         = 0
2026322 openat(AT_FDCWD, "/usr/lib/locale/en_US.utf8/LC_ADDRESS", O_RDONLY|O_CLOEXEC <unfinished ...>
2026321 mprotect(0x7fa854080000, 4096, PROT_READ <unfinished ...>
2026322 <... openat resumed>)           = 5
2026322 fstat(5,  <unfinished ...>
2026321 <... mprotect resumed>)         = 0
2026322 <... fstat resumed>{st_mode=S_IFREG|0644, st_size=167, ...}) = 0
2026322 mmap(NULL, 167, PROT_READ, MAP_PRIVATE, 5, 0 <unfinished ...>
2026321 mprotect(0x7fa8540ac000, 4096, PROT_READ <unfinished ...>
2026322 <... mmap resumed>)             = 0x7fcf394d4000
2026321 <... mprotect resumed>)         = 0
2026322 close(5 <unfinished ...>
2026321 mprotect(0x5574b15fd000, 8192, PROT_READ <unfinished ...>
2026322 <... close resumed>)            = 0
2026321 <... mprotect resumed>)         = 0
2026322 openat(AT_FDCWD, "/usr/lib/locale/en_US.UTF-8/LC_NAME", O_RDONLY|O_CLOEXEC <unfinished ...>
2026321 mprotect(0x7fa8540f3000, 8192, PROT_READ <unfinished ...>
2026322 <... openat resumed>)           = -1 ENOENT (No such file or directory)
2026321 <... mprotect resumed>)         = 0
2026322 openat(AT_FDCWD, "/usr/lib/locale/en_US.utf8/LC_NAME", O_RDONLY|O_CLOEXEC <unfinished ...>
2026321 prlimit64(0, RLIMIT_STACK, NULL,  <unfinished ...>
2026322 <... openat resumed>)           = 5
2026321 <... prlimit64 resumed>{rlim_cur=8192*1024, rlim_max=RLIM64_INFINITY}) = 0
2026322 fstat(5,  <unfinished ...>
2026321 munmap(0x7fa8540b0000, 28719 <unfinished ...>
2026322 <... fstat resumed>{st_mode=S_IFREG|0644, st_size=77, ...}) = 0
2026321 <... munmap resumed>)           = 0
2026322 mmap(NULL, 77, PROT_READ, MAP_PRIVATE, 5, 0) = 0x7fcf394d3000
2026321 prctl(PR_CAPBSET_READ, CAP_MAC_OVERRIDE <unfinished ...>
2026322 close(5)                        = 0
2026321 <... prctl resumed>)            = 1
2026321 prctl(PR_CAPBSET_READ, 0x30 /* CAP_??? */ <unfinished ...>
2026322 openat(AT_FDCWD, "/usr/lib/locale/en_US.UTF-8/LC_PAPER", O_RDONLY|O_CLOEXEC <unfinished ...>
2026321 <... prctl resumed>)            = -1 EINVAL (Invalid argument)
2026322 <... openat resumed>)           = -1 ENOENT (No such file or directory)
2026321 prctl(PR_CAPBSET_READ, CAP_CHECKPOINT_RESTORE <unfinished ...>
2026322 openat(AT_FDCWD, "/usr/lib/locale/en_US.utf8/LC_PAPER", O_RDONLY|O_CLOEXEC <unfinished ...>
2026321 <... prctl resumed>)            = 1
2026322 <... openat resumed>)           = 5
2026321 prctl(PR_CAPBSET_READ, 0x2c /* CAP_??? */ <unfinished ...>
2026322 fstat(5,  <unfinished ...>
2026321 <... prctl resumed>)            = -1 EINVAL (Invalid argument)
2026322 <... fstat resumed>{st_mode=S_IFREG|0644, st_size=34, ...}) = 0
2026321 prctl(PR_CAPBSET_READ, 0x2a /* CAP_??? */ <unfinished ...>
2026322 mmap(NULL, 34, PROT_READ, MAP_PRIVATE, 5, 0 <unfinished ...>
2026321 <... prctl resumed>)            = -1 EINVAL (Invalid argument)
2026322 <... mmap resumed>)             = 0x7fcf394d2000
2026321 prctl(PR_CAPBSET_READ, 0x29 /* CAP_??? */ <unfinished ...>
2026322 close(5 <unfinished ...>
2026321 <... prctl resumed>)            = -1 EINVAL (Invalid argument)
2026322 <... close resumed>)            = 0
2026321 statfs("/sys/fs/selinux",  <unfinished ...>
2026322 openat(AT_FDCWD, "/usr/lib/locale/en_US.UTF-8/LC_MESSAGES", O_RDONLY|O_CLOEXEC <unfinished ...>
2026321 <... statfs resumed>{f_type=SYSFS_MAGIC, f_bsize=4096, f_blocks=0, f_bfree=0, f_bavail=0, f_files=0, f_ffree=0, f_fsid={val=[0xc2eb3255, 0x2b1fafda]}, f_namelen=255, f_frsize=4096, f_flags=ST_VALID|ST_NOSUID|ST_NODEV|ST_NOEXEC|ST_RELATIME}) = 0
2026322 <... openat resumed>)           = -1 ENOENT (No such file or directory)
2026321 statfs("/selinux",  <unfinished ...>
2026322 openat(AT_FDCWD, "/usr/lib/locale/en_US.utf8/LC_MESSAGES", O_RDONLY|O_CLOEXEC <unfinished ...>
2026321 <... statfs resumed>0x7ffc62922560) = -1 ENOENT (No such file or directory)
2026322 <... openat resumed>)           = 5
2026322 fstat(5,  <unfinished ...>
2026321 getrandom( <unfinished ...>
2026322 <... fstat resumed>{st_mode=S_IFDIR|0755, st_size=29, ...}) = 0
2026321 <... getrandom resumed>"\xd2\x3c\x42\xbe\xcb\xf8\xa5\xca", 8, GRND_NONBLOCK) = 8
2026322 close(5 <unfinished ...>
2026321 brk(NULL <unfinished ...>
2026322 <... close resumed>)            = 0
2026321 <... brk resumed>)              = 0x5574b719f000
2026322 openat(AT_FDCWD, "/usr/lib/locale/en_US.utf8/LC_MESSAGES/SYS_LC_MESSAGES", O_RDONLY|O_CLOEXEC <unfinished ...>
2026321 brk(0x5574b71c0000 <unfinished ...>
2026322 <... openat resumed>)           = 5
2026321 <... brk resumed>)              = 0x5574b71c0000
2026322 fstat(5, {st_mode=S_IFREG|0644, st_size=57, ...}) = 0
2026321 openat(AT_FDCWD, "/proc/filesystems", O_RDONLY|O_CLOEXEC <unfinished ...>
2026322 mmap(NULL, 57, PROT_READ, MAP_PRIVATE, 5, 0 <unfinished ...>
2026321 <... openat resumed>)           = 5
2026322 <... mmap resumed>)             = 0x7fcf394d1000
2026322 close(5 <unfinished ...>
2026321 fstat(5,  <unfinished ...>
2026322 <... close resumed>)            = 0
2026321 <... fstat resumed>{st_mode=S_IFREG|0444, st_size=0, ...}) = 0
2026322 openat(AT_FDCWD, "/usr/lib/locale/en_US.UTF-8/LC_MONETARY", O_RDONLY|O_CLOEXEC <unfinished ...>
2026321 read(5,  <unfinished ...>
2026322 <... openat resumed>)           = -1 ENOENT (No such file or directory)
2026321 <... read resumed>"nodev\tsysfs\nnodev\ttmpfs\nnodev\tbd"..., 1024) = 447
2026322 openat(AT_FDCWD, "/usr/lib/locale/en_US.utf8/LC_MONETARY", O_RDONLY|O_CLOEXEC <unfinished ...>
2026321 close(5)                        = 0
2026322 <... openat resumed>)           = 5
2026321 openat(AT_FDCWD, "/proc/mounts", O_RDONLY|O_CLOEXEC <unfinished ...>
2026322 fstat(5, {st_mode=S_IFREG|0644, st_size=286, ...}) = 0
2026321 <... openat resumed>)           = 5
2026321 fstat(5,  <unfinished ...>
2026322 mmap(NULL, 286, PROT_READ, MAP_PRIVATE, 5, 0 <unfinished ...>
2026321 <... fstat resumed>{st_mode=S_IFREG|0444, st_size=0, ...}) = 0
2026322 <... mmap resumed>)             = 0x7fcf394d0000
2026321 read(5,  <unfinished ...>
2026322 close(5)                        = 0
2026321 <... read resumed>"/dev/mapper/fedora-root / xfs rw"..., 1024) = 1024
2026322 openat(AT_FDCWD, "/usr/lib/locale/en_US.UTF-8/LC_COLLATE", O_RDONLY|O_CLOEXEC <unfinished ...>
2026321 read(5,  <unfinished ...>
2026322 <... openat resumed>)           = -1 ENOENT (No such file or directory)
2026321 <... read resumed>"meout=0,minproto=5,maxproto=5,di"..., 1024) = 1024
2026322 openat(AT_FDCWD, "/usr/lib/locale/en_US.utf8/LC_COLLATE", O_RDONLY|O_CLOEXEC <unfinished ...>
2026321 read(5,  <unfinished ...>
2026322 <... openat resumed>)           = 5
2026322 fstat(5,  <unfinished ...>
2026321 <... read resumed>"run/user/411823482 tmpfs rw,nosu"..., 1024) = 1024
2026322 <... fstat resumed>{st_mode=S_IFREG|0644, st_size=2586930, ...}) = 0
2026321 read(5,  <unfinished ...>
2026322 mmap(NULL, 2586930, PROT_READ, MAP_PRIVATE, 5, 0 <unfinished ...>
2026321 <... read resumed>"r_inodes=819154,mode=700,uid=411"..., 1024) = 1024
2026322 <... mmap resumed>)             = 0x7fcf39200000
2026321 read(5,  <unfinished ...>
2026322 close(5)                        = 0
2026321 <... read resumed>"tmpfs /run/user/411924398 tmpfs "..., 1024) = 274
2026321 read(5,  <unfinished ...>
2026322 openat(AT_FDCWD, "/usr/lib/locale/en_US.UTF-8/LC_TIME", O_RDONLY|O_CLOEXEC <unfinished ...>
2026321 <... read resumed>"", 1024)     = 0
2026322 <... openat resumed>)           = -1 ENOENT (No such file or directory)
2026321 close(5 <unfinished ...>
2026322 openat(AT_FDCWD, "/usr/lib/locale/en_US.utf8/LC_TIME", O_RDONLY|O_CLOEXEC <unfinished ...>
2026321 <... close resumed>)            = 0
2026322 <... openat resumed>)           = 5
2026321 access("/etc/selinux/config", F_OK <unfinished ...>
2026322 fstat(5,  <unfinished ...>
2026321 <... access resumed>)           = 0
2026322 <... fstat resumed>{st_mode=S_IFREG|0644, st_size=3284, ...}) = 0
2026321 openat(AT_FDCWD, "/usr/lib/locale/locale-archive", O_RDONLY|O_CLOEXEC <unfinished ...>
2026322 mmap(NULL, 3284, PROT_READ, MAP_PRIVATE, 5, 0) = 0x7fcf394cf000
2026321 <... openat resumed>)           = -1 ENOENT (No such file or directory)
2026321 openat(AT_FDCWD, "/usr/share/locale/locale.alias", O_RDONLY|O_CLOEXEC <unfinished ...>
2026322 close(5)                        = 0
2026321 <... openat resumed>)           = 5
2026322 openat(AT_FDCWD, "/usr/lib/locale/en_US.UTF-8/LC_NUMERIC", O_RDONLY|O_CLOEXEC <unfinished ...>
2026321 fstat(5,  <unfinished ...>
2026322 <... openat resumed>)           = -1 ENOENT (No such file or directory)
2026321 <... fstat resumed>{st_mode=S_IFREG|0644, st_size=2998, ...}) = 0
2026322 openat(AT_FDCWD, "/usr/lib/locale/en_US.utf8/LC_NUMERIC", O_RDONLY|O_CLOEXEC) = 5
2026321 read(5,  <unfinished ...>
2026322 fstat(5,  <unfinished ...>
2026321 <... read resumed>"# Locale name alias data base.\n#"..., 4096) = 2998
2026322 <... fstat resumed>{st_mode=S_IFREG|0644, st_size=54, ...}) = 0
2026322 mmap(NULL, 54, PROT_READ, MAP_PRIVATE, 5, 0 <unfinished ...>
2026321 read(5,  <unfinished ...>
2026322 <... mmap resumed>)             = 0x7fcf394ce000
2026321 <... read resumed>"", 4096)     = 0
2026322 close(5)                        = 0
2026321 close(5)                        = 0
2026322 openat(AT_FDCWD, "/usr/lib/locale/en_US.UTF-8/LC_CTYPE", O_RDONLY|O_CLOEXEC <unfinished ...>
2026321 openat(AT_FDCWD, "/usr/lib/locale/en_US.UTF-8/LC_IDENTIFICATION", O_RDONLY|O_CLOEXEC <unfinished ...>
2026322 <... openat resumed>)           = -1 ENOENT (No such file or directory)
2026321 <... openat resumed>)           = -1 ENOENT (No such file or directory)
2026322 openat(AT_FDCWD, "/usr/lib/locale/en_US.utf8/LC_CTYPE", O_RDONLY|O_CLOEXEC <unfinished ...>
2026321 openat(AT_FDCWD, "/usr/lib/locale/en_US.utf8/LC_IDENTIFICATION", O_RDONLY|O_CLOEXEC <unfinished ...>
2026322 <... openat resumed>)           = 5
2026322 fstat(5,  <unfinished ...>
2026321 <... openat resumed>)           = 5
2026322 <... fstat resumed>{st_mode=S_IFREG|0644, st_size=360460, ...}) = 0
2026321 fstat(5,  <unfinished ...>
2026322 mmap(NULL, 360460, PROT_READ, MAP_PRIVATE, 5, 0 <unfinished ...>
2026321 <... fstat resumed>{st_mode=S_IFREG|0644, st_size=369, ...}) = 0
2026322 <... mmap resumed>)             = 0x7fcf391a7000
2026321 mmap(NULL, 369, PROT_READ, MAP_PRIVATE, 5, 0 <unfinished ...>
2026322 close(5)                        = 0
2026321 <... mmap resumed>)             = 0x7fa8540b7000
2026321 close(5 <unfinished ...>
2026322 fstat(0,  <unfinished ...>
2026321 <... close resumed>)            = 0
2026322 <... fstat resumed>{st_mode=S_IFIFO|0600, st_size=0, ...}) = 0
2026321 openat(AT_FDCWD, "/usr/lib64/gconv/gconv-modules.cache", O_RDONLY|O_CLOEXEC <unfinished ...>
2026322 openat(AT_FDCWD, "/usr/share/locale/en_US.UTF-8/LC_MESSAGES/coreutils.mo", O_RDONLY <unfinished ...>
2026321 <... openat resumed>)           = 5
2026322 <... openat resumed>)           = -1 ENOENT (No such file or directory)
2026321 fstat(5,  <unfinished ...>
2026322 openat(AT_FDCWD, "/usr/share/locale/en_US.utf8/LC_MESSAGES/coreutils.mo", O_RDONLY <unfinished ...>
2026321 <... fstat resumed>{st_mode=S_IFREG|0644, st_size=27012, ...}) = 0
2026322 <... openat resumed>)           = -1 ENOENT (No such file or directory)
2026321 mmap(NULL, 27012, PROT_READ, MAP_SHARED, 5, 0 <unfinished ...>
2026322 openat(AT_FDCWD, "/usr/share/locale/en_US/LC_MESSAGES/coreutils.mo", O_RDONLY <unfinished ...>
2026321 <... mmap resumed>)             = 0x7fa8540b0000
2026322 <... openat resumed>)           = -1 ENOENT (No such file or directory)
2026321 close(5 <unfinished ...>
2026322 openat(AT_FDCWD, "/usr/share/locale/en.UTF-8/LC_MESSAGES/coreutils.mo", O_RDONLY <unfinished ...>
2026321 <... close resumed>)            = 0
2026322 <... openat resumed>)           = -1 ENOENT (No such file or directory)
2026321 futex(0x7fa85406c72c, FUTEX_WAKE_PRIVATE, 2147483647 <unfinished ...>
2026322 openat(AT_FDCWD, "/usr/share/locale/en.utf8/LC_MESSAGES/coreutils.mo", O_RDONLY <unfinished ...>
2026321 <... futex resumed>)            = 0
2026322 <... openat resumed>)           = -1 ENOENT (No such file or directory)
2026322 openat(AT_FDCWD, "/usr/share/locale/en/LC_MESSAGES/coreutils.mo", O_RDONLY <unfinished ...>
2026321 openat(AT_FDCWD, "/usr/lib/locale/en_US.UTF-8/LC_MEASUREMENT", O_RDONLY|O_CLOEXEC <unfinished ...>
2026322 <... openat resumed>)           = -1 ENOENT (No such file or directory)
2026322 fadvise64(0, 0, 0, POSIX_FADV_SEQUENTIAL <unfinished ...>
2026321 <... openat resumed>)           = -1 ENOENT (No such file or directory)
2026322 <... fadvise64 resumed>)        = -1 ESPIPE (Illegal seek)
2026322 read(0,  <unfinished ...>
2026321 openat(AT_FDCWD, "/usr/lib/locale/en_US.utf8/LC_MEASUREMENT", O_RDONLY|O_CLOEXEC) = 5
2026321 fstat(5, {st_mode=S_IFREG|0644, st_size=23, ...}) = 0
2026321 mmap(NULL, 23, PROT_READ, MAP_PRIVATE, 5, 0) = 0x7fa853de1000
2026321 close(5)                        = 0
2026321 openat(AT_FDCWD, "/usr/lib/locale/en_US.UTF-8/LC_TELEPHONE", O_RDONLY|O_CLOEXEC) = -1 ENOENT (No such file or directory)
2026321 openat(AT_FDCWD, "/usr/lib/locale/en_US.utf8/LC_TELEPHONE", O_RDONLY|O_CLOEXEC) = 5
2026321 fstat(5, {st_mode=S_IFREG|0644, st_size=59, ...}) = 0
2026321 mmap(NULL, 59, PROT_READ, MAP_PRIVATE, 5, 0) = 0x7fa853de0000
2026321 close(5)                        = 0
2026321 openat(AT_FDCWD, "/usr/lib/locale/en_US.UTF-8/LC_ADDRESS", O_RDONLY|O_CLOEXEC) = -1 ENOENT (No such file or directory)
2026321 openat(AT_FDCWD, "/usr/lib/locale/en_US.utf8/LC_ADDRESS", O_RDONLY|O_CLOEXEC) = 5
2026321 fstat(5, {st_mode=S_IFREG|0644, st_size=167, ...}) = 0
2026321 mmap(NULL, 167, PROT_READ, MAP_PRIVATE, 5, 0) = 0x7fa853ddf000
2026321 close(5)                        = 0
2026321 openat(AT_FDCWD, "/usr/lib/locale/en_US.UTF-8/LC_NAME", O_RDONLY|O_CLOEXEC) = -1 ENOENT (No such file or directory)
2026321 openat(AT_FDCWD, "/usr/lib/locale/en_US.utf8/LC_NAME", O_RDONLY|O_CLOEXEC) = 5
2026321 fstat(5, {st_mode=S_IFREG|0644, st_size=77, ...}) = 0
2026321 mmap(NULL, 77, PROT_READ, MAP_PRIVATE, 5, 0) = 0x7fa853dde000
2026321 close(5)                        = 0
2026321 openat(AT_FDCWD, "/usr/lib/locale/en_US.UTF-8/LC_PAPER", O_RDONLY|O_CLOEXEC) = -1 ENOENT (No such file or directory)
2026321 openat(AT_FDCWD, "/usr/lib/locale/en_US.utf8/LC_PAPER", O_RDONLY|O_CLOEXEC) = 5
2026321 fstat(5, {st_mode=S_IFREG|0644, st_size=34, ...}) = 0
2026321 mmap(NULL, 34, PROT_READ, MAP_PRIVATE, 5, 0) = 0x7fa853ddd000
2026321 close(5)                        = 0
2026321 openat(AT_FDCWD, "/usr/lib/locale/en_US.UTF-8/LC_MESSAGES", O_RDONLY|O_CLOEXEC) = -1 ENOENT (No such file or directory)
2026321 openat(AT_FDCWD, "/usr/lib/locale/en_US.utf8/LC_MESSAGES", O_RDONLY|O_CLOEXEC) = 5
2026321 fstat(5, {st_mode=S_IFDIR|0755, st_size=29, ...}) = 0
2026321 close(5)                        = 0
2026321 openat(AT_FDCWD, "/usr/lib/locale/en_US.utf8/LC_MESSAGES/SYS_LC_MESSAGES", O_RDONLY|O_CLOEXEC) = 5
2026321 fstat(5, {st_mode=S_IFREG|0644, st_size=57, ...}) = 0
2026321 mmap(NULL, 57, PROT_READ, MAP_PRIVATE, 5, 0) = 0x7fa853ddc000
2026321 close(5)                        = 0
2026321 openat(AT_FDCWD, "/usr/lib/locale/en_US.UTF-8/LC_MONETARY", O_RDONLY|O_CLOEXEC) = -1 ENOENT (No such file or directory)
2026321 openat(AT_FDCWD, "/usr/lib/locale/en_US.utf8/LC_MONETARY", O_RDONLY|O_CLOEXEC) = 5
2026321 fstat(5, {st_mode=S_IFREG|0644, st_size=286, ...}) = 0
2026321 mmap(NULL, 286, PROT_READ, MAP_PRIVATE, 5, 0) = 0x7fa853ddb000
2026321 close(5)                        = 0
2026321 openat(AT_FDCWD, "/usr/lib/locale/en_US.UTF-8/LC_COLLATE", O_RDONLY|O_CLOEXEC) = -1 ENOENT (No such file or directory)
2026321 openat(AT_FDCWD, "/usr/lib/locale/en_US.utf8/LC_COLLATE", O_RDONLY|O_CLOEXEC) = 5
2026321 fstat(5, {st_mode=S_IFREG|0644, st_size=2586930, ...}) = 0
2026321 mmap(NULL, 2586930, PROT_READ, MAP_PRIVATE, 5, 0) = 0x7fa853a00000
2026321 close(5)                        = 0
2026321 openat(AT_FDCWD, "/usr/lib/locale/en_US.UTF-8/LC_TIME", O_RDONLY|O_CLOEXEC) = -1 ENOENT (No such file or directory)
2026321 openat(AT_FDCWD, "/usr/lib/locale/en_US.utf8/LC_TIME", O_RDONLY|O_CLOEXEC) = 5
2026321 fstat(5, {st_mode=S_IFREG|0644, st_size=3284, ...}) = 0
2026321 mmap(NULL, 3284, PROT_READ, MAP_PRIVATE, 5, 0) = 0x7fa853dda000
2026321 close(5)                        = 0
2026321 openat(AT_FDCWD, "/usr/lib/locale/en_US.UTF-8/LC_NUMERIC", O_RDONLY|O_CLOEXEC) = -1 ENOENT (No such file or directory)
2026321 openat(AT_FDCWD, "/usr/lib/locale/en_US.utf8/LC_NUMERIC", O_RDONLY|O_CLOEXEC) = 5
2026321 fstat(5, {st_mode=S_IFREG|0644, st_size=54, ...}) = 0
2026321 mmap(NULL, 54, PROT_READ, MAP_PRIVATE, 5, 0) = 0x7fa853dd9000
2026321 close(5)                        = 0
2026321 openat(AT_FDCWD, "/usr/lib/locale/en_US.UTF-8/LC_CTYPE", O_RDONLY|O_CLOEXEC) = -1 ENOENT (No such file or directory)
2026321 openat(AT_FDCWD, "/usr/lib/locale/en_US.utf8/LC_CTYPE", O_RDONLY|O_CLOEXEC) = 5
2026321 fstat(5, {st_mode=S_IFREG|0644, st_size=360460, ...}) = 0
2026321 mmap(NULL, 360460, PROT_READ, MAP_PRIVATE, 5, 0) = 0x7fa853d80000
2026321 close(5)                        = 0
2026321 ioctl(1, TCGETS, 0x7ffc62922400) = -1 ENOTTY (Inappropriate ioctl for device)
2026321 openat(AT_FDCWD, ".", O_RDONLY|O_NONBLOCK|O_CLOEXEC|O_DIRECTORY) = 5
2026321 fstat(5, {st_mode=S_IFDIR|0755, st_size=4096, ...}) = 0
2026321 mmap(NULL, 528384, PROT_READ|PROT_WRITE, MAP_PRIVATE|MAP_ANONYMOUS, -1, 0) = 0x7fa853cff000
2026321 getdents64(5, 0x7fa853cff040 /* 14 entries */, 524288) = 416
2026321 getdents64(5, 0x7fa853cff040 /* 0 entries */, 524288) = 0
2026321 munmap(0x7fa853cff000, 528384)  = 0
2026321 close(5)                        = 0
2026321 fstat(1, {st_mode=S_IFIFO|0600, st_size=0, ...}) = 0
2026321 write(1, "f_in.txt\nf_out.txt\nMakefile\nmysh"..., 96) = 96
2026322 <... read resumed>"f_in.txt\nf_out.txt\nMakefile\nmysh"..., 16384) = 96
2026321 close(1 <unfinished ...>
2026322 read(0,  <unfinished ...>
2026321 <... close resumed>)            = 0
2026321 close(2)                        = 0
2026321 exit_group(0)                   = ?
2026321 +++ exited with 0 +++
2026296 <... wait4 resumed>NULL, 0, NULL) = 2026321
2026296 --- SIGCHLD {si_signo=SIGCHLD, si_code=CLD_EXITED, si_pid=2026321, si_uid=411872299, si_status=0, si_utime=0, si_stime=0} ---
2026296 wait4(-1, NULL, 0, NULL)        = ? ERESTARTSYS (To be restarted if SA_RESTART is set)
2026322 <... read resumed>0x7ffd97f988f0, 16384) = ? ERESTARTSYS (To be restarted if SA_RESTART is set)
2026296 --- SIGINT {si_signo=SIGINT, si_code=SI_KERNEL} ---
2026322 --- SIGINT {si_signo=SIGINT, si_code=SI_KERNEL} ---
2026322 +++ killed by SIGINT +++
2026296 +++ killed by SIGINT +++
